<?xml version="1.0" encoding="UTF-8"?>
<testng-results skipped="0" failed="0" ignored="0" total="4" passed="4">
  <reporter-output>
  </reporter-output>
  <suite name="Suite" duration-ms="121295" started-at="2021-08-28T08:06:57Z" finished-at="2021-08-28T08:08:58Z">
    <groups>
    </groups>
    <test name="TestGC" duration-ms="50303" started-at="2021-08-28T08:06:57Z" finished-at="2021-08-28T08:07:47Z">
      <class name="scripts.Validlogin">
        <test-method status="PASS" signature="openapp(java.lang.String, java.lang.String)[pri:0, instance:scripts.Validlogin@20d28811]" name="openapp" is-config="true" duration-ms="13146" started-at="2021-08-28T08:06:57Z" finished-at="2021-08-28T08:07:10Z">
          <params>
            <param index="0">
              <value>
                <![CDATA[http://localhost:4444/wd/hub]]>
              </value>
            </param>
            <param index="1">
              <value>
                <![CDATA[chrome]]>
              </value>
            </param>
          </params>
          <reporter-output>
          </reporter-output>
        </test-method> <!-- openapp -->
        <test-method status="PASS" signature="testValidlogin()[pri:1, instance:scripts.Validlogin@20d28811]" name="testValidlogin" duration-ms="14641" started-at="2021-08-28T08:07:10Z" finished-at="2021-08-28T08:07:25Z">
          <reporter-output>
          </reporter-output>
        </test-method> <!-- testValidlogin -->
        <test-method status="PASS" signature="closeapp()[pri:0, instance:scripts.Validlogin@20d28811]" name="closeapp" is-config="true" duration-ms="359" started-at="2021-08-28T08:07:25Z" finished-at="2021-08-28T08:07:25Z">
          <reporter-output>
          </reporter-output>
        </test-method> <!-- closeapp -->
      </class> <!-- scripts.Validlogin -->
      <class name="scripts.Invalidlogin">
        <test-method status="PASS" signature="openapp(java.lang.String, java.lang.String)[pri:0, instance:scripts.Invalidlogin@3cc2931c]" name="openapp" is-config="true" duration-ms="16229" started-at="2021-08-28T08:07:25Z" finished-at="2021-08-28T08:07:41Z">
          <params>
            <param index="0">
              <value>
                <![CDATA[http://localhost:4444/wd/hub]]>
              </value>
            </param>
            <param index="1">
              <value>
                <![CDATA[chrome]]>
              </value>
            </param>
          </params>
          <reporter-output>
          </reporter-output>
        </test-method> <!-- openapp -->
        <test-method status="PASS" signature="testValidlogin()[pri:2, instance:scripts.Invalidlogin@3cc2931c]" name="testValidlogin" duration-ms="5794" started-at="2021-08-28T08:07:41Z" finished-at="2021-08-28T08:07:47Z">
          <reporter-output>
          </reporter-output>
        </test-method> <!-- testValidlogin -->
        <test-method status="PASS" signature="closeapp()[pri:0, instance:scripts.Invalidlogin@3cc2931c]" name="closeapp" is-config="true" duration-ms="109" started-at="2021-08-28T08:07:47Z" finished-at="2021-08-28T08:07:47Z">
          <reporter-output>
          </reporter-output>
        </test-method> <!-- closeapp -->
      </class> <!-- scripts.Invalidlogin -->
    </test> <!-- TestGC -->
    <test name="TestFF" duration-ms="70965" started-at="2021-08-28T08:07:47Z" finished-at="2021-08-28T08:08:58Z">
      <class name="scripts.Invalidlogin">
        <test-method status="PASS" signature="openapp(java.lang.String, java.lang.String)[pri:0, instance:scripts.Invalidlogin@6ef888f6]" name="openapp" is-config="true" duration-ms="14946" started-at="2021-08-28T08:08:36Z" finished-at="2021-08-28T08:08:51Z">
          <params>
            <param index="0">
              <value>
                <![CDATA[http://localhost:4444/wd/hub]]>
              </value>
            </param>
            <param index="1">
              <value>
                <![CDATA[firefox]]>
              </value>
            </param>
          </params>
          <reporter-output>
          </reporter-output>
        </test-method> <!-- openapp -->
        <test-method status="PASS" signature="testValidlogin()[pri:2, instance:scripts.Invalidlogin@6ef888f6]" name="testValidlogin" duration-ms="5031" started-at="2021-08-28T08:08:51Z" finished-at="2021-08-28T08:08:56Z">
          <reporter-output>
          </reporter-output>
        </test-method> <!-- testValidlogin -->
        <test-method status="PASS" signature="closeapp()[pri:0, instance:scripts.Invalidlogin@6ef888f6]" name="closeapp" is-config="true" duration-ms="1749" started-at="2021-08-28T08:08:56Z" finished-at="2021-08-28T08:08:58Z">
          <reporter-output>
          </reporter-output>
        </test-method> <!-- closeapp -->
      </class> <!-- scripts.Invalidlogin -->
      <class name="scripts.Validlogin">
        <test-method status="PASS" signature="openapp(java.lang.String, java.lang.String)[pri:0, instance:scripts.Validlogin@10e92f8f]" name="openapp" is-config="true" duration-ms="38647" started-at="2021-08-28T08:07:47Z" finished-at="2021-08-28T08:08:26Z">
          <params>
            <param index="0">
              <value>
                <![CDATA[http://localhost:4444/wd/hub]]>
              </value>
            </param>
            <param index="1">
              <value>
                <![CDATA[firefox]]>
              </value>
            </param>
          </params>
          <reporter-output>
          </reporter-output>
        </test-method> <!-- openapp -->
        <test-method status="PASS" signature="testValidlogin()[pri:1, instance:scripts.Validlogin@10e92f8f]" name="testValidlogin" duration-ms="7495" started-at="2021-08-28T08:08:26Z" finished-at="2021-08-28T08:08:33Z">
          <reporter-output>
          </reporter-output>
        </test-method> <!-- testValidlogin -->
        <test-method status="PASS" signature="closeapp()[pri:0, instance:scripts.Validlogin@10e92f8f]" name="closeapp" is-config="true" duration-ms="3093" started-at="2021-08-28T08:08:33Z" finished-at="2021-08-28T08:08:36Z">
          <reporter-output>
          </reporter-output>
        </test-method> <!-- closeapp -->
      </class> <!-- scripts.Validlogin -->
    </test> <!-- TestFF -->
  </suite> <!-- Suite -->
</testng-results>
