<?xml version="1.0" encoding="UTF-8"?>
<testng-results skipped="0" failed="0" ignored="0" total="4" passed="4">
  <reporter-output>
  </reporter-output>
  <suite name="Suite" duration-ms="93114" started-at="2021-08-28T07:58:15Z" finished-at="2021-08-28T07:59:48Z">
    <groups>
    </groups>
    <test name="TestGC" duration-ms="44252" started-at="2021-08-28T07:58:15Z" finished-at="2021-08-28T07:58:59Z">
      <class name="scripts.Validlogin">
        <test-method status="PASS" signature="openapp(java.lang.String, java.lang.String)[pri:0, instance:scripts.Validlogin@1817d444]" name="openapp" is-config="true" duration-ms="16513" started-at="2021-08-28T07:58:15Z" finished-at="2021-08-28T07:58:32Z">
          <params>
            <param index="0">
              <value>
                <![CDATA[http://localhost:4444/wd/hub]]>
              </value>
            </param>
            <param index="1">
              <value>
                <![CDATA[chrome]]>
              </value>
            </param>
          </params>
          <reporter-output>
          </reporter-output>
        </test-method> <!-- openapp -->
        <test-method status="PASS" signature="testValidlogin()[pri:1, instance:scripts.Validlogin@1817d444]" name="testValidlogin" duration-ms="11465" started-at="2021-08-28T07:58:32Z" finished-at="2021-08-28T07:58:43Z">
          <reporter-output>
          </reporter-output>
        </test-method> <!-- testValidlogin -->
        <test-method status="PASS" signature="closeapp()[pri:0, instance:scripts.Validlogin@1817d444]" name="closeapp" is-config="true" duration-ms="111" started-at="2021-08-28T07:58:43Z" finished-at="2021-08-28T07:58:43Z">
          <reporter-output>
          </reporter-output>
        </test-method> <!-- closeapp -->
      </class> <!-- scripts.Validlogin -->
      <class name="scripts.Invalidlogin">
        <test-method status="PASS" signature="openapp(java.lang.String, java.lang.String)[pri:0, instance:scripts.Invalidlogin@50a638b5]" name="openapp" is-config="true" duration-ms="11401" started-at="2021-08-28T07:58:43Z" finished-at="2021-08-28T07:58:55Z">
          <params>
            <param index="0">
              <value>
                <![CDATA[http://localhost:4444/wd/hub]]>
              </value>
            </param>
            <param index="1">
              <value>
                <![CDATA[chrome]]>
              </value>
            </param>
          </params>
          <reporter-output>
          </reporter-output>
        </test-method> <!-- openapp -->
        <test-method status="PASS" signature="testValidlogin()[pri:2, instance:scripts.Invalidlogin@50a638b5]" name="testValidlogin" duration-ms="4623" started-at="2021-08-28T07:58:55Z" finished-at="2021-08-28T07:58:59Z">
          <reporter-output>
          </reporter-output>
        </test-method> <!-- testValidlogin -->
        <test-method status="PASS" signature="closeapp()[pri:0, instance:scripts.Invalidlogin@50a638b5]" name="closeapp" is-config="true" duration-ms="86" started-at="2021-08-28T07:58:59Z" finished-at="2021-08-28T07:58:59Z">
          <reporter-output>
          </reporter-output>
        </test-method> <!-- closeapp -->
      </class> <!-- scripts.Invalidlogin -->
    </test> <!-- TestGC -->
    <test name="TestFF" duration-ms="48831" started-at="2021-08-28T07:58:59Z" finished-at="2021-08-28T07:59:48Z">
      <class name="scripts.Invalidlogin">
        <test-method status="PASS" signature="openapp(java.lang.String, java.lang.String)[pri:0, instance:scripts.Invalidlogin@61df66b6]" name="openapp" is-config="true" duration-ms="16660" started-at="2021-08-28T07:59:25Z" finished-at="2021-08-28T07:59:41Z">
          <params>
            <param index="0">
              <value>
                <![CDATA[http://localhost:4444/wd/hub]]>
              </value>
            </param>
            <param index="1">
              <value>
                <![CDATA[firefox]]>
              </value>
            </param>
          </params>
          <reporter-output>
          </reporter-output>
        </test-method> <!-- openapp -->
        <test-method status="PASS" signature="testValidlogin()[pri:2, instance:scripts.Invalidlogin@61df66b6]" name="testValidlogin" duration-ms="5029" started-at="2021-08-28T07:59:41Z" finished-at="2021-08-28T07:59:46Z">
          <reporter-output>
          </reporter-output>
        </test-method> <!-- testValidlogin -->
        <test-method status="PASS" signature="closeapp()[pri:0, instance:scripts.Invalidlogin@61df66b6]" name="closeapp" is-config="true" duration-ms="1834" started-at="2021-08-28T07:59:46Z" finished-at="2021-08-28T07:59:48Z">
          <reporter-output>
          </reporter-output>
        </test-method> <!-- closeapp -->
      </class> <!-- scripts.Invalidlogin -->
      <class name="scripts.Validlogin">
        <test-method status="PASS" signature="openapp(java.lang.String, java.lang.String)[pri:0, instance:scripts.Validlogin@50eac852]" name="openapp" is-config="true" duration-ms="18553" started-at="2021-08-28T07:58:59Z" finished-at="2021-08-28T07:59:18Z">
          <params>
            <param index="0">
              <value>
                <![CDATA[http://localhost:4444/wd/hub]]>
              </value>
            </param>
            <param index="1">
              <value>
                <![CDATA[firefox]]>
              </value>
            </param>
          </params>
          <reporter-output>
          </reporter-output>
        </test-method> <!-- openapp -->
        <test-method status="PASS" signature="testValidlogin()[pri:1, instance:scripts.Validlogin@50eac852]" name="testValidlogin" duration-ms="5212" started-at="2021-08-28T07:59:18Z" finished-at="2021-08-28T07:59:23Z">
          <reporter-output>
          </reporter-output>
        </test-method> <!-- testValidlogin -->
        <test-method status="PASS" signature="closeapp()[pri:0, instance:scripts.Validlogin@50eac852]" name="closeapp" is-config="true" duration-ms="1533" started-at="2021-08-28T07:59:23Z" finished-at="2021-08-28T07:59:25Z">
          <reporter-output>
          </reporter-output>
        </test-method> <!-- closeapp -->
      </class> <!-- scripts.Validlogin -->
    </test> <!-- TestFF -->
  </suite> <!-- Suite -->
</testng-results>
